[debug] [2019-01-28T21:55:58.598Z] ----------------------------------------------------------------------
[debug] [2019-01-28T21:55:58.601Z] Command:       C:\Program Files\nodejs\node.exe C:\Users\John.Lee\AppData\Roaming\npm\node_modules\firebase-tools\lib\bin\firebase.js serve -p 5030
[debug] [2019-01-28T21:55:58.601Z] CLI Version:   6.3.0
[debug] [2019-01-28T21:55:58.601Z] Platform:      win32
[debug] [2019-01-28T21:55:58.601Z] Node Version:  v10.15.0
[debug] [2019-01-28T21:55:58.602Z] Time:          Mon Jan 28 2019 16:55:58 GMT-0500 (Eastern Standard Time)
[debug] [2019-01-28T21:55:58.602Z] ----------------------------------------------------------------------
[debug] 
[debug] [2019-01-28T21:55:58.623Z] > command requires scopes: ["email","openid","https://www.googleapis.com/auth/cloudplatformprojects.readonly","https://www.googleapis.com/auth/firebase","https://www.googleapis.com/auth/cloud-platform"]
[debug] [2019-01-28T21:55:58.624Z] > authorizing via signed-in user
[debug] [2019-01-28T21:55:58.624Z] [iam] checking project mkturkwanglab-7a650 for permissions ["firebase.projects.get"]
[debug] [2019-01-28T21:55:58.626Z] >>> HTTP REQUEST POST https://cloudresourcemanager.googleapis.com/v1/projects/mkturkwanglab-7a650:testIamPermissions  

[debug] [2019-01-28T21:55:58.935Z] <<< HTTP RESPONSE 200
[debug] [2019-01-28T21:55:58.939Z] >>> HTTP REQUEST GET https://cloudresourcemanager.googleapis.com/v1/projects/mkturkwanglab-7a650  
 
[debug] [2019-01-28T21:55:59.096Z] <<< HTTP RESPONSE 200
[info] 
[info] === Serving from 'C:\Users\John.Lee\Documents\MKturk_try\mkturk'...
[info] 
[debug] [2019-01-28T21:55:59.100Z] >>> HTTP REQUEST GET https://mobilesdk-pa.googleapis.com/v1/projects/122506411575/clients/_:getWebAppConfig  
 
[debug] [2019-01-28T21:56:00.245Z] <<< HTTP RESPONSE 200
[info] i  hosting: Serving hosting files from: public
[info] +  hosting: Local server: http://localhost:5030
